<?xml version="1.0" encoding="utf-8"?><testsuites><testsuite name="pytest" errors="0" failures="0" skipped="0" tests="24" time="1.100" timestamp="2025-12-06T23:07:46.619764+00:00" hostname="Matheuss-MacBook-Pro.local"><testcase classname="test.cf_customers.test_fk_address" name="test_get_random_address_structure_and_types" time="0.035" /><testcase classname="test.cf_customers.test_fk_address" name="test_lat_lon_within_expected_range_near_capital" time="0.001" /><testcase classname="test.cf_customers.test_fk_address" name="test_multiple_addresses_have_unique_ids" time="0.001" /><testcase classname="test.cf_customers.test_fk_ids" name="test_dict_customers_structure_and_types" time="0.001" /><testcase classname="test.cf_customers.test_fk_ids" name="test_dict_customers_ids_are_unique_across_multiple_calls" time="0.003" /><testcase classname="test.cf_customers.test_fk_ids" name="test_dict_card_structure_and_values" time="0.001" /><testcase classname="test.cf_customers.test_fk_ids" name="test_dict_card_ids_are_unique_across_multiple_calls" time="0.002" /><testcase classname="test.cf_customers.test_fk_ids" name="test_email_derived_from_name_and_domain" time="0.001" /><testcase classname="test.cf_customers.test_secret_manager" name="test__secret_manager_success" time="0.000" /><testcase classname="test.cf_customers.test_secret_manager" name="test_get_request_data_dict_success" time="0.000" /><testcase classname="test.cf_customers.test_secret_manager" name="test_get_request_data_object_invalid_format" time="0.000" /><testcase classname="test.cf_customers.test_secret_manager" name="test_get_request_data_missing_required_field" time="0.000" /><testcase classname="test.cf_customers.test_transformation" name="test_hide_cpf_valid_formats" time="0.001" /><testcase classname="test.cf_customers.test_transformation" name="test_hide_cpf_invalid_logs_warning" time="0.000" /><testcase classname="test.cf_customers.test_transformation" name="test_hide_card_valid_numeric" time="0.000" /><testcase classname="test.cf_customers.test_transformation" name="test_hide_card_valid_with_spaces" time="0.000" /><testcase classname="test.cf_customers.test_transformation" name="test_hide_card_invalid_lengths_and_logging" time="0.000" /><testcase classname="test.cf_customers.test_transformation" name="test_hide_data_masks_in_place_and_logs" time="0.000" /><testcase classname="test.cf_customers.test_transformation" name="test_add_columns_adds_expected_fields" time="0.000" /><testcase classname="test.cf_customers.test_transformation" name="test_split_data_separates_structures" time="0.000" /><testcase classname="test.cf_products_inventory.test_fk_dates" name="test_generate_date_returns_date_in_expected_format_and_range" time="0.001" /><testcase classname="test.cf_products_inventory.test_fk_dates" name="test_generate_date_returns_datetime_in_expected_format_and_range" time="0.001" /><testcase classname="test.cf_products_inventory.test_fk_dates" name="test_generate_date_datetime_v1_within_last_90_days" time="0.001" /><testcase classname="test.cf_products_inventory.test_fk_dates" name="test_generate_date_invalid_option_raises_value_error" time="0.000" /></testsuite></testsuites>