<?xml version="1.0" encoding="utf-8"?><testsuites><testsuite name="pytest" errors="0" failures="0" skipped="0" tests="65" time="6.582" timestamp="2025-12-14T18:30:48.849800+00:00" hostname="Matheuss-MacBook-Pro.local"><testcase classname="modules.cloud_function.cf_customers.test.test_fk_address" name="test_get_random_address_structure_and_types" time="0.043" /><testcase classname="modules.cloud_function.cf_customers.test.test_fk_address" name="test_lat_lon_within_expected_range_near_capital" time="0.002" /><testcase classname="modules.cloud_function.cf_customers.test.test_fk_address" name="test_multiple_addresses_have_unique_ids" time="0.003" /><testcase classname="modules.cloud_function.cf_customers.test.test_fk_ids" name="test_dict_customers_structure_and_types" time="0.002" /><testcase classname="modules.cloud_function.cf_customers.test.test_fk_ids" name="test_dict_customers_ids_are_unique_across_multiple_calls" time="0.005" /><testcase classname="modules.cloud_function.cf_customers.test.test_fk_ids" name="test_dict_card_structure_and_values" time="0.001" /><testcase classname="modules.cloud_function.cf_customers.test.test_fk_ids" name="test_dict_card_ids_are_unique_across_multiple_calls" time="0.003" /><testcase classname="modules.cloud_function.cf_customers.test.test_fk_ids" name="test_email_derived_from_name_and_domain" time="0.001" /><testcase classname="modules.cloud_function.cf_customers.test.test_secret_manager" name="test_get_request_data_success_with_dict" time="0.000" /><testcase classname="modules.cloud_function.cf_customers.test.test_secret_manager" name="test_get_request_data_success_with_request_object" time="0.000" /><testcase classname="modules.cloud_function.cf_customers.test.test_secret_manager" name="test_get_request_data_missing_required_field" time="0.000" /><testcase classname="modules.cloud_function.cf_customers.test.test_secret_manager" name="test_get_request_data_invalid_request_format" time="0.000" /><testcase classname="modules.cloud_function.cf_customers.test.test_secret_manager" name="test_get_request_data_secret_manager_error_raises_typeerror" time="0.000" /><testcase classname="modules.cloud_function.cf_customers.test.test_transformation" name="test_hide_cpf_valid_with_formatting" time="0.000" /><testcase classname="modules.cloud_function.cf_customers.test.test_transformation" name="test_hide_cpf_valid_digits_only" time="0.000" /><testcase classname="modules.cloud_function.cf_customers.test.test_transformation" name="test_hide_cpf_invalid_length_logs_and_defaults" time="0.000" /><testcase classname="modules.cloud_function.cf_customers.test.test_transformation" name="test_hide_card_valid_with_hyphens" time="0.000" /><testcase classname="modules.cloud_function.cf_customers.test.test_transformation" name="test_hide_card_invalid_length_uses_raw_length_and_defaults" time="0.000" /><testcase classname="modules.cloud_function.cf_customers.test.test_transformation" name="test_hide_data_masks_cpf_and_card" time="0.000" /><testcase classname="modules.cloud_function.cf_customers.test.test_transformation" name="test_add_columns_adds_expected_fields" time="0.000" /><testcase classname="modules.cloud_function.cf_customers.test.test_transformation" name="test_split_data_splits_correctly" time="0.000" /><testcase classname="modules.cloud_function.cf_delivery_sensor.test.test_bigquery.TestBigQueryInit" name="test_init_with_project_id" time="0.001" /><testcase classname="modules.cloud_function.cf_delivery_sensor.test.test_bigquery.TestBigQueryInit" name="test_init_without_project_id" time="0.001" /><testcase classname="modules.cloud_function.cf_delivery_sensor.test.test_bigquery.TestBatchLoadFromMemory" name="test_batch_load_success" time="0.001" /><testcase classname="modules.cloud_function.cf_delivery_sensor.test.test_bigquery.TestBatchLoadFromMemory" name="test_batch_load_empty_data" time="0.001" /><testcase classname="modules.cloud_function.cf_delivery_sensor.test.test_bigquery.TestBatchLoadFromMemory" name="test_batch_load_bigquery_error" time="0.001" /><testcase classname="modules.cloud_function.cf_delivery_sensor.test.test_bigquery.TestBatchLoadFromMemory" name="test_batch_load_with_special_characters" time="0.001" /><testcase classname="modules.cloud_function.cf_delivery_sensor.test.test_delivery_sensor" name="test_calculate_distance_basic" time="0.000" /><testcase classname="modules.cloud_function.cf_delivery_sensor.test.test_delivery_sensor" name="test_create_delivery_prefers_local_vehicle" time="0.000" /><testcase classname="modules.cloud_function.cf_delivery_sensor.test.test_delivery_sensor" name="test_create_delivery_uses_non_local_when_none_available_and_logs_warning" time="0.000" /><testcase classname="modules.cloud_function.cf_delivery_sensor.test.test_delivery_sensor" name="test_simulate_movement_completes_and_publishes" time="0.000" /><testcase classname="modules.cloud_function.cf_delivery_sensor.test.test_delivery_sensor" name="test_display_status_publishes_for_active_deliveries" time="0.001" /><testcase classname="modules.cloud_function.cf_delivery_sensor.test.test_delivery_sensor" name="test_monitor_deliveries_returns_metrics" time="0.000" /><testcase classname="modules.cloud_function.cf_products_inventory.test.test_fk_dates" name="test_generate_date_returns_date_in_expected_format_and_range" time="0.001" /><testcase classname="modules.cloud_function.cf_products_inventory.test.test_fk_dates" name="test_generate_date_returns_datetime_in_expected_format_and_range" time="0.001" /><testcase classname="modules.cloud_function.cf_products_inventory.test.test_fk_dates" name="test_generate_date_datetime_v1_within_last_90_days" time="0.001" /><testcase classname="modules.cloud_function.cf_products_inventory.test.test_fk_dates" name="test_generate_date_invalid_option_raises_value_error" time="0.001" /><testcase classname="modules.cloud_function.cf_products_inventory.test.test_fk_products" name="test_generate_product_name_valid_category" time="0.002" /><testcase classname="modules.cloud_function.cf_products_inventory.test.test_fk_products" name="test_generate_product_name_invalid_category_raises_keyerror" time="0.002" /><testcase classname="modules.cloud_function.cf_products_inventory.test.test_fk_products" name="test_generate_product_description_formatting" time="0.002" /><testcase classname="modules.cloud_function.cf_products_inventory.test.test_fk_products" name="test_generate_products_basic_structure" time="0.004" /><testcase classname="modules.cloud_function.cf_products_inventory.test.test_fk_products" name="test_generate_inventory_structure_and_count" time="0.003" /><testcase classname="modules.cloud_function.cf_products_inventory.test.test_fk_products" name="test_generate_complete_dataset" time="0.005" /><testcase classname="modules.cloud_function.cf_products_inventory.test.test_fk_vehicle" name="test_generate_board_motorcycle_format" time="0.002" /><testcase classname="modules.cloud_function.cf_products_inventory.test.test_fk_vehicle" name="test_generate_board_non_motorcycle" time="0.002" /><testcase classname="modules.cloud_function.cf_products_inventory.test.test_fk_vehicle" name="test_generate_vehicle_structure_and_values" time="0.002" /><testcase classname="modules.cloud_function.cf_products_inventory.test.test_fk_vehicle" name="test_generate_fleet_size_and_item_validity" time="0.002" /><testcase classname="modules.cloud_function.cf_wh_sensor.test.test_fk_sensor" name="test_temperature_keys_and_ranges" time="0.001" /><testcase classname="modules.cloud_function.cf_wh_sensor.test.test_fk_sensor" name="test_warehouse_maps_suffix_to_sensor_id[WH_Smithville_SP-SP]" time="0.001" /><testcase classname="modules.cloud_function.cf_wh_sensor.test.test_fk_sensor" name="test_warehouse_maps_suffix_to_sensor_id[WH_Lambertstad_SC-SC]" time="0.001" /><testcase classname="modules.cloud_function.cf_wh_sensor.test.test_fk_sensor" name="test_warehouse_maps_suffix_to_sensor_id[WH_Lake_Michelle_DF-DF]" time="0.001" /><testcase classname="modules.cloud_function.cf_wh_sensor.test.test_fk_sensor" name="test_warehouse_maps_suffix_to_sensor_id[WH_New_Kristen_BA-BA]" time="0.001" /><testcase classname="modules.cloud_function.cf_wh_sensor.test.test_fk_sensor" name="test_warehouse_maps_suffix_to_sensor_id[WH_North_Allison_AM-AM]" time="0.001" /><testcase classname="modules.cloud_function.cf_wh_sensor.test.test_fk_sensor" name="test_generate_sensor_data_yields_all_in_order" time="5.025" /><testcase classname="modules.cloud_function.cf_wh_sensor.test.test_fk_sensor" name="test_warehouse_with_invalid_suffix_raises_keyerror" time="0.004" /><testcase classname="modules.dataproc.dp_feedback.test.test_fk_data" name="test_generate_comment_phrases[1-I regret this purchase completely.-I will never buy from this company again.]" time="0.003" /><testcase classname="modules.dataproc.dp_feedback.test.test_fk_data" name="test_generate_comment_phrases[2-Not what I expected.-The quality was much lower than advertised.]" time="0.002" /><testcase classname="modules.dataproc.dp_feedback.test.test_fk_data" name="test_generate_comment_phrases[3-It's okay, but could be better.-I might consider buying again if improvements are made.]" time="0.002" /><testcase classname="modules.dataproc.dp_feedback.test.test_fk_data" name="test_generate_comment_phrases[4-Pretty good overall.-I'm satisfied with my purchase.]" time="0.002" /><testcase classname="modules.dataproc.dp_feedback.test.test_fk_data" name="test_generate_comment_phrases[5-Absolutely wonderful!-Exceeded all my expectations!]" time="0.002" /><testcase classname="modules.dataproc.dp_feedback.test.test_fk_data" name="test_generate_comment_phrases[6-Absolutely wonderful!-Exceeded all my expectations!]" time="0.002" /><testcase classname="modules.dataproc.dp_feedback.test.test_fk_data" name="test_generate_fake_feedbacks_basic_structure" time="0.004" /><testcase classname="modules.dataproc.dp_feedback.test.test_fk_data" name="test_product_fields_with_clothing_category_have_size_and_color" time="0.003" /><testcase classname="modules.dataproc.dp_feedback.test.test_fk_data" name="test_product_fields_with_none_category_are_none" time="0.002" /><testcase classname="modules.dataproc.dp_feedback.test.test_fk_data" name="test_non_product_never_sets_size_or_color_even_with_clothing" time="0.003" /></testsuite></testsuites>